[2020-02-09 18:00:52.778] [exthost] [info] extension host started
[2020-02-09 18:00:52.789] [exthost] [info] ExtensionService#_doActivateExtension vscode.debug-auto-launch {"startup":true,"extensionId":{"value":"vscode.debug-auto-launch","_lower":"vscode.debug-auto-launch"},"activationEvent":"*"}
[2020-02-09 18:00:52.790] [exthost] [info] ExtensionService#loadCommonJSModule file:///usr/share/code/resources/app/extensions/debug-auto-launch/dist/extension
[2020-02-09 18:00:52.796] [exthost] [info] ExtensionService#_doActivateExtension vscode.emmet {"startup":true,"extensionId":{"value":"vscode.emmet","_lower":"vscode.emmet"},"activationEvent":"*"}
[2020-02-09 18:00:52.796] [exthost] [info] ExtensionService#loadCommonJSModule file:///usr/share/code/resources/app/extensions/emmet/dist/extension
[2020-02-09 18:00:52.819] [exthost] [info] ExtensionService#_doActivateExtension vscode.git {"startup":true,"extensionId":{"value":"vscode.git","_lower":"vscode.git"},"activationEvent":"*"}
[2020-02-09 18:00:52.819] [exthost] [info] ExtensionService#loadCommonJSModule file:///usr/share/code/resources/app/extensions/git/dist/main
[2020-02-09 18:00:52.864] [exthost] [info] ExtensionService#_doActivateExtension vscode.merge-conflict {"startup":true,"extensionId":{"value":"vscode.merge-conflict","_lower":"vscode.merge-conflict"},"activationEvent":"*"}
[2020-02-09 18:00:52.864] [exthost] [info] ExtensionService#loadCommonJSModule file:///usr/share/code/resources/app/extensions/merge-conflict/dist/extension
[2020-02-09 18:00:52.868] [exthost] [info] ExtensionService#_doActivateExtension dlasagno.wal-theme {"startup":true,"extensionId":{"value":"dlasagno.wal-theme","_lower":"dlasagno.wal-theme"},"activationEvent":"*"}
[2020-02-09 18:00:52.868] [exthost] [info] ExtensionService#loadCommonJSModule file:///home/zack/.vscode/extensions/dlasagno.wal-theme-1.0.3/out/extension.js
[2020-02-09 18:00:52.879] [exthost] [info] ExtensionService#_doActivateExtension Equinusocio.vsc-material-theme {"startup":true,"extensionId":{"value":"Equinusocio.vsc-material-theme","_lower":"equinusocio.vsc-material-theme"},"activationEvent":"*"}
[2020-02-09 18:00:52.879] [exthost] [info] ExtensionService#loadCommonJSModule file:///home/zack/.vscode/extensions/equinusocio.vsc-material-theme-30.0.0/out/src/material.theme.config
[2020-02-09 18:00:52.886] [exthost] [info] ExtensionService#_doActivateExtension PKief.material-icon-theme {"startup":true,"extensionId":{"value":"PKief.material-icon-theme","_lower":"pkief.material-icon-theme"},"activationEvent":"*"}
[2020-02-09 18:00:52.887] [exthost] [info] ExtensionService#loadCommonJSModule file:///home/zack/.vscode/extensions/pkief.material-icon-theme-3.9.2/dist/extension
[2020-02-09 18:00:52.899] [exthost] [info] eager extensions activated
[2020-02-09 18:03:29.933] [exthost] [info] extension host started
[2020-02-09 18:03:29.945] [exthost] [info] ExtensionService#_doActivateExtension vscode.debug-auto-launch {"startup":true,"extensionId":{"value":"vscode.debug-auto-launch","_lower":"vscode.debug-auto-launch"},"activationEvent":"*"}
[2020-02-09 18:03:29.945] [exthost] [info] ExtensionService#loadCommonJSModule file:///usr/share/code/resources/app/extensions/debug-auto-launch/dist/extension
[2020-02-09 18:03:29.948] [exthost] [info] ExtensionService#_doActivateExtension vscode.emmet {"startup":true,"extensionId":{"value":"vscode.emmet","_lower":"vscode.emmet"},"activationEvent":"*"}
[2020-02-09 18:03:29.948] [exthost] [info] ExtensionService#loadCommonJSModule file:///usr/share/code/resources/app/extensions/emmet/dist/extension
[2020-02-09 18:03:29.969] [exthost] [info] ExtensionService#_doActivateExtension vscode.git {"startup":true,"extensionId":{"value":"vscode.git","_lower":"vscode.git"},"activationEvent":"*"}
[2020-02-09 18:03:29.969] [exthost] [info] ExtensionService#loadCommonJSModule file:///usr/share/code/resources/app/extensions/git/dist/main
[2020-02-09 18:03:30.006] [exthost] [info] ExtensionService#_doActivateExtension vscode.merge-conflict {"startup":true,"extensionId":{"value":"vscode.merge-conflict","_lower":"vscode.merge-conflict"},"activationEvent":"*"}
[2020-02-09 18:03:30.007] [exthost] [info] ExtensionService#loadCommonJSModule file:///usr/share/code/resources/app/extensions/merge-conflict/dist/extension
[2020-02-09 18:03:30.009] [exthost] [info] ExtensionService#_doActivateExtension dlasagno.wal-theme {"startup":true,"extensionId":{"value":"dlasagno.wal-theme","_lower":"dlasagno.wal-theme"},"activationEvent":"*"}
[2020-02-09 18:03:30.009] [exthost] [info] ExtensionService#loadCommonJSModule file:///home/zack/.vscode/extensions/dlasagno.wal-theme-1.0.3/out/extension.js
[2020-02-09 18:03:30.015] [exthost] [info] ExtensionService#_doActivateExtension Equinusocio.vsc-material-theme {"startup":true,"extensionId":{"value":"Equinusocio.vsc-material-theme","_lower":"equinusocio.vsc-material-theme"},"activationEvent":"*"}
[2020-02-09 18:03:30.015] [exthost] [info] ExtensionService#loadCommonJSModule file:///home/zack/.vscode/extensions/equinusocio.vsc-material-theme-30.0.0/out/src/material.theme.config
[2020-02-09 18:03:30.018] [exthost] [info] ExtensionService#_doActivateExtension PKief.material-icon-theme {"startup":true,"extensionId":{"value":"PKief.material-icon-theme","_lower":"pkief.material-icon-theme"},"activationEvent":"*"}
[2020-02-09 18:03:30.018] [exthost] [info] ExtensionService#loadCommonJSModule file:///home/zack/.vscode/extensions/pkief.material-icon-theme-3.9.3/dist/extension
[2020-02-09 18:03:30.029] [exthost] [info] eager extensions activated
[2020-02-09 18:11:55.317] [exthost] [info] ExtensionService#_doActivateExtension ms-vscode.cpptools {"startup":false,"extensionId":{"value":"ms-vscode.cpptools","_lower":"ms-vscode.cpptools"},"activationEvent":"onLanguage:c"}
[2020-02-09 18:11:55.317] [exthost] [info] ExtensionService#loadCommonJSModule file:///home/zack/.vscode/extensions/ms-vscode.cpptools-0.26.3/dist/main
[2020-02-09 23:04:19.132] [exthost] [info] ExtensionService#_doActivateExtension vscode.configuration-editing {"startup":false,"extensionId":{"value":"vscode.configuration-editing","_lower":"vscode.configuration-editing"},"activationEvent":"onLanguage:jsonc"}
[2020-02-09 23:04:19.132] [exthost] [info] ExtensionService#loadCommonJSModule file:///usr/share/code/resources/app/extensions/configuration-editing/dist/extension
[2020-02-09 23:04:19.140] [exthost] [info] ExtensionService#_doActivateExtension vscode.json-language-features {"startup":false,"extensionId":{"value":"vscode.json-language-features","_lower":"vscode.json-language-features"},"activationEvent":"onLanguage:jsonc"}
[2020-02-09 23:04:19.140] [exthost] [info] ExtensionService#loadCommonJSModule file:///usr/share/code/resources/app/extensions/json-language-features/client/dist/jsonMain
[2020-02-09 23:04:19.171] [exthost] [info] ExtensionService#_doActivateExtension vscode.typescript-language-features {"startup":false,"extensionId":{"value":"vscode.typescript-language-features","_lower":"vscode.typescript-language-features"},"activationEvent":"onLanguage:jsonc"}
[2020-02-09 23:04:19.171] [exthost] [info] ExtensionService#loadCommonJSModule file:///usr/share/code/resources/app/extensions/typescript-language-features/dist/extension
