[2020-02-04 14:10:35.423] [exthost] [info] extension host started
[2020-02-04 14:10:35.433] [exthost] [info] ExtensionService#_doActivateExtension vscode.debug-auto-launch {"startup":true,"extensionId":{"value":"vscode.debug-auto-launch","_lower":"vscode.debug-auto-launch"},"activationEvent":"*"}
[2020-02-04 14:10:35.433] [exthost] [info] ExtensionService#loadCommonJSModule file:///usr/share/code/resources/app/extensions/debug-auto-launch/dist/extension
[2020-02-04 14:10:35.438] [exthost] [info] ExtensionService#_doActivateExtension vscode.emmet {"startup":true,"extensionId":{"value":"vscode.emmet","_lower":"vscode.emmet"},"activationEvent":"*"}
[2020-02-04 14:10:35.438] [exthost] [info] ExtensionService#loadCommonJSModule file:///usr/share/code/resources/app/extensions/emmet/dist/extension
[2020-02-04 14:10:35.472] [exthost] [info] ExtensionService#_doActivateExtension vscode.git {"startup":true,"extensionId":{"value":"vscode.git","_lower":"vscode.git"},"activationEvent":"*"}
[2020-02-04 14:10:35.473] [exthost] [info] ExtensionService#loadCommonJSModule file:///usr/share/code/resources/app/extensions/git/dist/main
[2020-02-04 14:10:35.514] [exthost] [info] ExtensionService#_doActivateExtension vscode.merge-conflict {"startup":true,"extensionId":{"value":"vscode.merge-conflict","_lower":"vscode.merge-conflict"},"activationEvent":"*"}
[2020-02-04 14:10:35.514] [exthost] [info] ExtensionService#loadCommonJSModule file:///usr/share/code/resources/app/extensions/merge-conflict/dist/extension
[2020-02-04 14:10:35.519] [exthost] [info] ExtensionService#_doActivateExtension dlasagno.wal-theme {"startup":true,"extensionId":{"value":"dlasagno.wal-theme","_lower":"dlasagno.wal-theme"},"activationEvent":"*"}
[2020-02-04 14:10:35.519] [exthost] [info] ExtensionService#loadCommonJSModule file:///home/zack/.vscode/extensions/dlasagno.wal-theme-1.0.3/out/extension.js
[2020-02-04 14:10:35.531] [exthost] [info] ExtensionService#_doActivateExtension Equinusocio.vsc-material-theme {"startup":true,"extensionId":{"value":"Equinusocio.vsc-material-theme","_lower":"equinusocio.vsc-material-theme"},"activationEvent":"*"}
[2020-02-04 14:10:35.531] [exthost] [info] ExtensionService#loadCommonJSModule file:///home/zack/.vscode/extensions/equinusocio.vsc-material-theme-30.0.0/out/src/material.theme.config
[2020-02-04 14:10:35.538] [exthost] [info] ExtensionService#_doActivateExtension PKief.material-icon-theme {"startup":true,"extensionId":{"value":"PKief.material-icon-theme","_lower":"pkief.material-icon-theme"},"activationEvent":"*"}
[2020-02-04 14:10:35.538] [exthost] [info] ExtensionService#loadCommonJSModule file:///home/zack/.vscode/extensions/pkief.material-icon-theme-3.9.2/dist/extension
[2020-02-04 14:10:35.560] [exthost] [info] eager extensions activated
[2020-02-04 14:11:09.703] [exthost] [info] extension host started
[2020-02-04 14:11:09.716] [exthost] [info] ExtensionService#_doActivateExtension vscode.debug-auto-launch {"startup":true,"extensionId":{"value":"vscode.debug-auto-launch","_lower":"vscode.debug-auto-launch"},"activationEvent":"*"}
[2020-02-04 14:11:09.716] [exthost] [info] ExtensionService#loadCommonJSModule file:///usr/share/code/resources/app/extensions/debug-auto-launch/dist/extension
[2020-02-04 14:11:09.719] [exthost] [info] ExtensionService#_doActivateExtension vscode.emmet {"startup":true,"extensionId":{"value":"vscode.emmet","_lower":"vscode.emmet"},"activationEvent":"*"}
[2020-02-04 14:11:09.719] [exthost] [info] ExtensionService#loadCommonJSModule file:///usr/share/code/resources/app/extensions/emmet/dist/extension
[2020-02-04 14:11:09.743] [exthost] [info] ExtensionService#_doActivateExtension vscode.git {"startup":true,"extensionId":{"value":"vscode.git","_lower":"vscode.git"},"activationEvent":"*"}
[2020-02-04 14:11:09.743] [exthost] [info] ExtensionService#loadCommonJSModule file:///usr/share/code/resources/app/extensions/git/dist/main
[2020-02-04 14:11:09.782] [exthost] [info] ExtensionService#_doActivateExtension vscode.merge-conflict {"startup":true,"extensionId":{"value":"vscode.merge-conflict","_lower":"vscode.merge-conflict"},"activationEvent":"*"}
[2020-02-04 14:11:09.782] [exthost] [info] ExtensionService#loadCommonJSModule file:///usr/share/code/resources/app/extensions/merge-conflict/dist/extension
[2020-02-04 14:11:09.786] [exthost] [info] ExtensionService#_doActivateExtension dlasagno.wal-theme {"startup":true,"extensionId":{"value":"dlasagno.wal-theme","_lower":"dlasagno.wal-theme"},"activationEvent":"*"}
[2020-02-04 14:11:09.786] [exthost] [info] ExtensionService#loadCommonJSModule file:///home/zack/.vscode/extensions/dlasagno.wal-theme-1.0.3/out/extension.js
[2020-02-04 14:11:09.792] [exthost] [info] ExtensionService#_doActivateExtension Equinusocio.vsc-material-theme {"startup":true,"extensionId":{"value":"Equinusocio.vsc-material-theme","_lower":"equinusocio.vsc-material-theme"},"activationEvent":"*"}
[2020-02-04 14:11:09.792] [exthost] [info] ExtensionService#loadCommonJSModule file:///home/zack/.vscode/extensions/equinusocio.vsc-material-theme-30.0.0/out/src/material.theme.config
[2020-02-04 14:11:09.796] [exthost] [info] ExtensionService#_doActivateExtension PKief.material-icon-theme {"startup":true,"extensionId":{"value":"PKief.material-icon-theme","_lower":"pkief.material-icon-theme"},"activationEvent":"*"}
[2020-02-04 14:11:09.796] [exthost] [info] ExtensionService#loadCommonJSModule file:///home/zack/.vscode/extensions/pkief.material-icon-theme-3.9.2/dist/extension
[2020-02-04 14:11:09.805] [exthost] [info] eager extensions activated
[2020-02-04 14:11:23.348] [exthost] [info] ExtensionService#_doActivateExtension vscode.html-language-features {"startup":false,"extensionId":{"value":"vscode.html-language-features","_lower":"vscode.html-language-features"},"activationEvent":"onLanguage:html"}
[2020-02-04 14:11:23.349] [exthost] [info] ExtensionService#loadCommonJSModule file:///usr/share/code/resources/app/extensions/html-language-features/client/dist/htmlMain
[2020-02-04 14:11:23.383] [exthost] [info] ExtensionService#_doActivateExtension vscode.typescript-language-features {"startup":false,"extensionId":{"value":"vscode.typescript-language-features","_lower":"vscode.typescript-language-features"},"activationEvent":"onLanguage:javascript"}
[2020-02-04 14:11:23.383] [exthost] [info] ExtensionService#loadCommonJSModule file:///usr/share/code/resources/app/extensions/typescript-language-features/dist/extension
[2020-02-04 14:11:23.415] [exthost] [info] ExtensionService#_doActivateExtension vscode.css-language-features {"startup":false,"extensionId":{"value":"vscode.css-language-features","_lower":"vscode.css-language-features"},"activationEvent":"onLanguage:css"}
[2020-02-04 14:11:23.415] [exthost] [info] ExtensionService#loadCommonJSModule file:///usr/share/code/resources/app/extensions/css-language-features/client/dist/cssMain
[2020-02-04 14:13:01.036] [exthost] [info] ExtensionService#_doActivateExtension James-Yu.latex-workshop {"startup":false,"extensionId":{"value":"James-Yu.latex-workshop","_lower":"james-yu.latex-workshop"},"activationEvent":"onLanguage:pdf"}
[2020-02-04 14:13:01.036] [exthost] [info] ExtensionService#loadCommonJSModule file:///home/zack/.vscode/extensions/james-yu.latex-workshop-8.7.1/out/src/main.js
[2020-02-04 14:13:06.554] [exthost] [info] ExtensionService#_doActivateExtension vscode.configuration-editing {"startup":false,"extensionId":{"value":"vscode.configuration-editing","_lower":"vscode.configuration-editing"},"activationEvent":"onLanguage:jsonc"}
[2020-02-04 14:13:06.554] [exthost] [info] ExtensionService#loadCommonJSModule file:///usr/share/code/resources/app/extensions/configuration-editing/dist/extension
[2020-02-04 14:13:06.559] [exthost] [info] ExtensionService#_doActivateExtension vscode.json-language-features {"startup":false,"extensionId":{"value":"vscode.json-language-features","_lower":"vscode.json-language-features"},"activationEvent":"onLanguage:jsonc"}
[2020-02-04 14:13:06.559] [exthost] [info] ExtensionService#loadCommonJSModule file:///usr/share/code/resources/app/extensions/json-language-features/client/dist/jsonMain
[2020-02-04 14:15:45.032] [exthost] [info] ExtensionService#_doActivateExtension ms-vscode.cpptools {"startup":false,"extensionId":{"value":"ms-vscode.cpptools","_lower":"ms-vscode.cpptools"},"activationEvent":"*"}
[2020-02-04 14:15:45.032] [exthost] [info] ExtensionService#loadCommonJSModule file:///home/zack/.vscode/extensions/ms-vscode.cpptools-0.26.3/dist/main
