[15:41:34] Initializing LaTeX Workshop.
[15:41:34] Cannot run pdflatex to determine if we are using MiKTeX
[15:41:34] Creating LaTeX Workshop http and websocket server.
[15:41:34] LaTeX Workshop initialized.
[15:41:34] Server created on 127.0.0.1:34343
[15:41:34] Snippet data loaded.
[15:41:34] LaTeX Workshop version: 8.7.1
[15:41:34] PDF command invoked.
[15:41:34] Serving PDF file at http://localhost:34343/viewer.html?file=pdf..JTJGaG9tZSUyRnphY2slMkZjczMxMTAlMkZDSVMzMTEwX0ExXzIwMjAucGRm
[15:41:34] The encoded path is /home/zack/cs3110/CIS3110_A1_2020.pdf
[15:41:34] Open PDF tab for /home/zack/cs3110/CIS3110_A1_2020.pdf
[15:41:34] Handle data type: open
[15:41:34] Preview PDF file: /home/zack/cs3110/CIS3110_A1_2020.pdf
[15:41:35] Handle data type: request_params
[15:41:35] Handle data type: loaded
[17:01:25] PDF command invoked.
[17:01:25] Serving PDF file at http://localhost:34343/viewer.html?file=pdf..JTJGaG9tZSUyRnphY2slMkZjczMxMTAlMkZDSVMzMTEwX0ExXzIwMjAucGRm
[17:01:25] The encoded path is /home/zack/cs3110/CIS3110_A1_2020.pdf
[17:01:25] Open PDF tab for /home/zack/cs3110/CIS3110_A1_2020.pdf
[17:01:25] Handle data type: open
[17:01:25] Preview PDF file: /home/zack/cs3110/CIS3110_A1_2020.pdf
[17:01:25] Handle data type: request_params
[17:01:25] Handle data type: loaded
[17:01:28] Handle data type: close
[17:01:32] Handle data type: close
