[2020-02-23 08:47:24.524] [exthost] [info] extension host started
[2020-02-23 08:47:24.550] [exthost] [info] ExtensionService#_doActivateExtension ms-vscode.cpptools {"startup":false,"extensionId":{"value":"ms-vscode.cpptools","_lower":"ms-vscode.cpptools"},"activationEvent":"onLanguage:c"}
[2020-02-23 08:47:24.551] [exthost] [info] ExtensionService#loadCommonJSModule file:///home/zack/.vscode/extensions/ms-vscode.cpptools-0.26.3/dist/main
[2020-02-23 08:47:24.626] [exthost] [info] ExtensionService#_doActivateExtension vscode.debug-auto-launch {"startup":true,"extensionId":{"value":"vscode.debug-auto-launch","_lower":"vscode.debug-auto-launch"},"activationEvent":"*"}
[2020-02-23 08:47:24.626] [exthost] [info] ExtensionService#loadCommonJSModule file:///usr/share/code/resources/app/extensions/debug-auto-launch/dist/extension
[2020-02-23 08:47:24.630] [exthost] [info] ExtensionService#_doActivateExtension vscode.emmet {"startup":true,"extensionId":{"value":"vscode.emmet","_lower":"vscode.emmet"},"activationEvent":"*"}
[2020-02-23 08:47:24.630] [exthost] [info] ExtensionService#loadCommonJSModule file:///usr/share/code/resources/app/extensions/emmet/dist/extension
[2020-02-23 08:47:24.651] [exthost] [info] ExtensionService#_doActivateExtension vscode.git {"startup":true,"extensionId":{"value":"vscode.git","_lower":"vscode.git"},"activationEvent":"*"}
[2020-02-23 08:47:24.651] [exthost] [info] ExtensionService#loadCommonJSModule file:///usr/share/code/resources/app/extensions/git/dist/main
[2020-02-23 08:47:24.693] [exthost] [info] ExtensionService#_doActivateExtension vscode.merge-conflict {"startup":true,"extensionId":{"value":"vscode.merge-conflict","_lower":"vscode.merge-conflict"},"activationEvent":"*"}
[2020-02-23 08:47:24.693] [exthost] [info] ExtensionService#loadCommonJSModule file:///usr/share/code/resources/app/extensions/merge-conflict/dist/extension
[2020-02-23 08:47:24.696] [exthost] [info] ExtensionService#_doActivateExtension dlasagno.wal-theme {"startup":true,"extensionId":{"value":"dlasagno.wal-theme","_lower":"dlasagno.wal-theme"},"activationEvent":"*"}
[2020-02-23 08:47:24.696] [exthost] [info] ExtensionService#loadCommonJSModule file:///home/zack/.vscode/extensions/dlasagno.wal-theme-1.0.3/out/extension.js
[2020-02-23 08:47:24.708] [exthost] [info] ExtensionService#_doActivateExtension Equinusocio.vsc-material-theme {"startup":true,"extensionId":{"value":"Equinusocio.vsc-material-theme","_lower":"equinusocio.vsc-material-theme"},"activationEvent":"*"}
[2020-02-23 08:47:24.708] [exthost] [info] ExtensionService#loadCommonJSModule file:///home/zack/.vscode/extensions/equinusocio.vsc-material-theme-30.0.0/out/src/material.theme.config
[2020-02-23 08:47:24.716] [exthost] [info] ExtensionService#_doActivateExtension PKief.material-icon-theme {"startup":true,"extensionId":{"value":"PKief.material-icon-theme","_lower":"pkief.material-icon-theme"},"activationEvent":"*"}
[2020-02-23 08:47:24.716] [exthost] [info] ExtensionService#loadCommonJSModule file:///home/zack/.vscode/extensions/pkief.material-icon-theme-3.9.3/dist/extension
[2020-02-23 08:47:24.730] [exthost] [info] eager extensions activated
[2020-02-23 15:20:14.236] [exthost] [info] extension host started
[2020-02-23 15:20:14.247] [exthost] [info] ExtensionService#_doActivateExtension vscode.debug-auto-launch {"startup":true,"extensionId":{"value":"vscode.debug-auto-launch","_lower":"vscode.debug-auto-launch"},"activationEvent":"*"}
[2020-02-23 15:20:14.247] [exthost] [info] ExtensionService#loadCommonJSModule file:///usr/share/code/resources/app/extensions/debug-auto-launch/dist/extension
[2020-02-23 15:20:14.250] [exthost] [info] ExtensionService#_doActivateExtension vscode.emmet {"startup":true,"extensionId":{"value":"vscode.emmet","_lower":"vscode.emmet"},"activationEvent":"*"}
[2020-02-23 15:20:14.250] [exthost] [info] ExtensionService#loadCommonJSModule file:///usr/share/code/resources/app/extensions/emmet/dist/extension
[2020-02-23 15:20:14.269] [exthost] [info] ExtensionService#_doActivateExtension vscode.git {"startup":true,"extensionId":{"value":"vscode.git","_lower":"vscode.git"},"activationEvent":"*"}
[2020-02-23 15:20:14.269] [exthost] [info] ExtensionService#loadCommonJSModule file:///usr/share/code/resources/app/extensions/git/dist/main
[2020-02-23 15:20:14.307] [exthost] [info] ExtensionService#_doActivateExtension vscode.merge-conflict {"startup":true,"extensionId":{"value":"vscode.merge-conflict","_lower":"vscode.merge-conflict"},"activationEvent":"*"}
[2020-02-23 15:20:14.307] [exthost] [info] ExtensionService#loadCommonJSModule file:///usr/share/code/resources/app/extensions/merge-conflict/dist/extension
[2020-02-23 15:20:14.309] [exthost] [info] ExtensionService#_doActivateExtension dlasagno.wal-theme {"startup":true,"extensionId":{"value":"dlasagno.wal-theme","_lower":"dlasagno.wal-theme"},"activationEvent":"*"}
[2020-02-23 15:20:14.309] [exthost] [info] ExtensionService#loadCommonJSModule file:///home/zack/.vscode/extensions/dlasagno.wal-theme-1.0.3/out/extension.js
[2020-02-23 15:20:14.315] [exthost] [info] ExtensionService#_doActivateExtension Equinusocio.vsc-material-theme {"startup":true,"extensionId":{"value":"Equinusocio.vsc-material-theme","_lower":"equinusocio.vsc-material-theme"},"activationEvent":"*"}
[2020-02-23 15:20:14.315] [exthost] [info] ExtensionService#loadCommonJSModule file:///home/zack/.vscode/extensions/equinusocio.vsc-material-theme-30.0.0/out/src/material.theme.config
[2020-02-23 15:20:14.319] [exthost] [info] ExtensionService#_doActivateExtension PKief.material-icon-theme {"startup":true,"extensionId":{"value":"PKief.material-icon-theme","_lower":"pkief.material-icon-theme"},"activationEvent":"*"}
[2020-02-23 15:20:14.319] [exthost] [info] ExtensionService#loadCommonJSModule file:///home/zack/.vscode/extensions/pkief.material-icon-theme-3.9.3/dist/extension
[2020-02-23 15:20:14.330] [exthost] [info] eager extensions activated
[2020-02-23 15:21:19.572] [exthost] [info] ExtensionService#_doActivateExtension James-Yu.latex-workshop {"startup":false,"extensionId":{"value":"James-Yu.latex-workshop","_lower":"james-yu.latex-workshop"},"activationEvent":"onLanguage:pdf"}
[2020-02-23 15:21:19.572] [exthost] [info] ExtensionService#loadCommonJSModule file:///home/zack/.vscode/extensions/james-yu.latex-workshop-8.7.1/out/src/main.js
[2020-02-23 15:24:33.414] [exthost] [info] ExtensionService#_doActivateExtension ms-vscode.cpptools {"startup":false,"extensionId":{"value":"ms-vscode.cpptools","_lower":"ms-vscode.cpptools"},"activationEvent":"onLanguage:c"}
[2020-02-23 15:24:33.414] [exthost] [info] ExtensionService#loadCommonJSModule file:///home/zack/.vscode/extensions/ms-vscode.cpptools-0.26.3/dist/main
